Watching for file changes with StatReloader
[24/Nov/2025 04:54:09] "GET /api/sales/invoices/ HTTP/1.1" 200 437
[24/Nov/2025 04:54:09] "GET /api/sales/clients/ HTTP/1.1" 200 1864
[24/Nov/2025 04:54:09] "GET /api/sales/contacts/ HTTP/1.1" 200 341
[24/Nov/2025 04:54:09] "GET /api/sales/orders/ HTTP/1.1" 200 415
[24/Nov/2025 04:54:09] "GET /api/sales/opportunities/ HTTP/1.1" 200 1268
[24/Nov/2025 04:54:09] "GET /api/sales/offers/ HTTP/1.1" 200 1390
[24/Nov/2025 04:54:09] "GET /api/sales/contacts/ HTTP/1.1" 200 341
[24/Nov/2025 04:54:09] "GET /api/sales/contracts/ HTTP/1.1" 200 359
[24/Nov/2025 04:54:09] "GET /api/sales/clients/ HTTP/1.1" 200 1864
[24/Nov/2025 04:54:09] "GET /api/sales/orders/ HTTP/1.1" 200 415
[24/Nov/2025 04:54:09] "GET /api/sales/invoices/ HTTP/1.1" 200 437
[24/Nov/2025 04:54:09] "GET /api/sales/opportunities/ HTTP/1.1" 200 1268
[24/Nov/2025 04:54:09] "GET /api/sales/contracts/ HTTP/1.1" 200 359
[24/Nov/2025 04:54:09] "GET /api/sales/offers/ HTTP/1.1" 200 1390
[24/Nov/2025 04:55:41] "OPTIONS /api/sales/offers/d6dcb401-748f-448c-a775-0ba518ad9ef0/ HTTP/1.1" 200 0
Bad Request: /api/sales/offers/d6dcb401-748f-448c-a775-0ba518ad9ef0/
[24/Nov/2025 04:55:41] "PATCH /api/sales/offers/d6dcb401-748f-448c-a775-0ba518ad9ef0/ HTTP/1.1" 400 75
Bad Request: /api/sales/offers/d6dcb401-748f-448c-a775-0ba518ad9ef0/
[24/Nov/2025 04:55:45] "PATCH /api/sales/offers/d6dcb401-748f-448c-a775-0ba518ad9ef0/ HTTP/1.1" 400 75
[24/Nov/2025 04:55:50] "DELETE /api/sales/offers/d6dcb401-748f-448c-a775-0ba518ad9ef0/ HTTP/1.1" 204 0
[24/Nov/2025 04:55:50] "GET /api/sales/opportunities/ HTTP/1.1" 200 1268
[24/Nov/2025 04:55:50] "GET /api/sales/contacts/ HTTP/1.1" 200 341
[24/Nov/2025 04:55:50] "GET /api/sales/orders/ HTTP/1.1" 200 415
[24/Nov/2025 04:55:50] "GET /api/sales/clients/ HTTP/1.1" 200 1864
[24/Nov/2025 04:55:50] "GET /api/sales/invoices/ HTTP/1.1" 200 437
[24/Nov/2025 04:55:50] "GET /api/sales/offers/ HTTP/1.1" 200 805
[24/Nov/2025 04:55:50] "GET /api/sales/contracts/ HTTP/1.1" 200 359
[24/Nov/2025 04:56:46] "OPTIONS /api/sales/clients/ HTTP/1.1" 200 0
[24/Nov/2025 04:56:46] "POST /api/sales/clients/ HTTP/1.1" 201 290
[24/Nov/2025 04:56:46] "GET /api/sales/contacts/ HTTP/1.1" 200 341
[24/Nov/2025 04:56:46] "GET /api/sales/invoices/ HTTP/1.1" 200 437
[24/Nov/2025 04:56:46] "GET /api/sales/clients/ HTTP/1.1" 200 2155
[24/Nov/2025 04:56:46] "GET /api/sales/orders/ HTTP/1.1" 200 415
[24/Nov/2025 04:56:46] "GET /api/sales/opportunities/ HTTP/1.1" 200 1268
[24/Nov/2025 04:56:46] "GET /api/sales/offers/ HTTP/1.1" 200 805
[24/Nov/2025 04:56:46] "GET /api/sales/contracts/ HTTP/1.1" 200 359
[24/Nov/2025 04:56:54] "OPTIONS /api/sales/clients/68eb59ba-7943-42fa-aa7a-44a653bbccdc/ HTTP/1.1" 200 0
Internal Server Error: /api/sales/clients/68eb59ba-7943-42fa-aa7a-44a653bbccdc/
Traceback (most recent call last):
  File "/mnt/c/Users/mirk0/Documents/GitHub/CRM/backend/venv/lib/python3.12/site-packages/django/db/backends/utils.py", line 105, in _execute
    return self.cursor.execute(sql, params)
           ^^^^^^^^^^^^^^^^^^^^^^^^^^^^^^^^
  File "/mnt/c/Users/mirk0/Documents/GitHub/CRM/backend/venv/lib/python3.12/site-packages/django/db/backends/sqlite3/base.py", line 360, in execute
    return super().execute(query, params)
           ^^^^^^^^^^^^^^^^^^^^^^^^^^^^^^
sqlite3.OperationalError: no such table: inventory_ticket

The above exception was the direct cause of the following exception:

Traceback (most recent call last):
  File "/mnt/c/Users/mirk0/Documents/GitHub/CRM/backend/venv/lib/python3.12/site-packages/django/core/handlers/exception.py", line 55, in inner
    response = get_response(request)
               ^^^^^^^^^^^^^^^^^^^^^
  File "/mnt/c/Users/mirk0/Documents/GitHub/CRM/backend/venv/lib/python3.12/site-packages/django/core/handlers/base.py", line 197, in _get_response
    response = wrapped_callback(request, *callback_args, **callback_kwargs)
               ^^^^^^^^^^^^^^^^^^^^^^^^^^^^^^^^^^^^^^^^^^^^^^^^^^^^^^^^^^^^
  File "/mnt/c/Users/mirk0/Documents/GitHub/CRM/backend/venv/lib/python3.12/site-packages/django/views/decorators/csrf.py", line 65, in _view_wrapper
    return view_func(request, *args, **kwargs)
           ^^^^^^^^^^^^^^^^^^^^^^^^^^^^^^^^^^^
  File "/mnt/c/Users/mirk0/Documents/GitHub/CRM/backend/venv/lib/python3.12/site-packages/rest_framework/viewsets.py", line 125, in view
    return self.dispatch(request, *args, **kwargs)
           ^^^^^^^^^^^^^^^^^^^^^^^^^^^^^^^^^^^^^^^
  File "/mnt/c/Users/mirk0/Documents/GitHub/CRM/backend/venv/lib/python3.12/site-packages/rest_framework/views.py", line 515, in dispatch
    response = self.handle_exception(exc)
               ^^^^^^^^^^^^^^^^^^^^^^^^^^
  File "/mnt/c/Users/mirk0/Documents/GitHub/CRM/backend/venv/lib/python3.12/site-packages/rest_framework/views.py", line 475, in handle_exception
    self.raise_uncaught_exception(exc)
  File "/mnt/c/Users/mirk0/Documents/GitHub/CRM/backend/venv/lib/python3.12/site-packages/rest_framework/views.py", line 486, in raise_uncaught_exception
    raise exc
  File "/mnt/c/Users/mirk0/Documents/GitHub/CRM/backend/venv/lib/python3.12/site-packages/rest_framework/views.py", line 512, in dispatch
    response = handler(request, *args, **kwargs)
               ^^^^^^^^^^^^^^^^^^^^^^^^^^^^^^^^^
  File "/mnt/c/Users/mirk0/Documents/GitHub/CRM/backend/venv/lib/python3.12/site-packages/rest_framework/mixins.py", line 91, in destroy
    self.perform_destroy(instance)
  File "/mnt/c/Users/mirk0/Documents/GitHub/CRM/backend/venv/lib/python3.12/site-packages/rest_framework/mixins.py", line 95, in perform_destroy
    instance.delete()
  File "/mnt/c/Users/mirk0/Documents/GitHub/CRM/backend/venv/lib/python3.12/site-packages/django/db/models/base.py", line 1281, in delete
    return collector.delete()
           ^^^^^^^^^^^^^^^^^^
  File "/mnt/c/Users/mirk0/Documents/GitHub/CRM/backend/venv/lib/python3.12/site-packages/django/db/models/deletion.py", line 467, in delete
    count = qs._raw_delete(using=self.using)
            ^^^^^^^^^^^^^^^^^^^^^^^^^^^^^^^^
  File "/mnt/c/Users/mirk0/Documents/GitHub/CRM/backend/venv/lib/python3.12/site-packages/django/db/models/query.py", line 1223, in _raw_delete
    return query.get_compiler(using).execute_sql(ROW_COUNT)
           ^^^^^^^^^^^^^^^^^^^^^^^^^^^^^^^^^^^^^^^^^^^^^^^^
  File "/mnt/c/Users/mirk0/Documents/GitHub/CRM/backend/venv/lib/python3.12/site-packages/django/db/models/sql/compiler.py", line 1623, in execute_sql
    cursor.execute(sql, params)
  File "/mnt/c/Users/mirk0/Documents/GitHub/CRM/backend/venv/lib/python3.12/site-packages/django/db/backends/utils.py", line 122, in execute
    return super().execute(sql, params)
           ^^^^^^^^^^^^^^^^^^^^^^^^^^^^
  File "/mnt/c/Users/mirk0/Documents/GitHub/CRM/backend/venv/lib/python3.12/site-packages/django/db/backends/utils.py", line 79, in execute
    return self._execute_with_wrappers(
           ^^^^^^^^^^^^^^^^^^^^^^^^^^^^
  File "/mnt/c/Users/mirk0/Documents/GitHub/CRM/backend/venv/lib/python3.12/site-packages/django/db/backends/utils.py", line 92, in _execute_with_wrappers
    return executor(sql, params, many, context)
           ^^^^^^^^^^^^^^^^^^^^^^^^^^^^^^^^^^^^
  File "/mnt/c/Users/mirk0/Documents/GitHub/CRM/backend/venv/lib/python3.12/site-packages/django/db/backends/utils.py", line 100, in _execute
    with self.db.wrap_database_errors:
  File "/mnt/c/Users/mirk0/Documents/GitHub/CRM/backend/venv/lib/python3.12/site-packages/django/db/utils.py", line 91, in __exit__
    raise dj_exc_value.with_traceback(traceback) from exc_value
  File "/mnt/c/Users/mirk0/Documents/GitHub/CRM/backend/venv/lib/python3.12/site-packages/django/db/backends/utils.py", line 105, in _execute
    return self.cursor.execute(sql, params)
           ^^^^^^^^^^^^^^^^^^^^^^^^^^^^^^^^
  File "/mnt/c/Users/mirk0/Documents/GitHub/CRM/backend/venv/lib/python3.12/site-packages/django/db/backends/sqlite3/base.py", line 360, in execute
    return super().execute(query, params)
           ^^^^^^^^^^^^^^^^^^^^^^^^^^^^^^
django.db.utils.OperationalError: no such table: inventory_ticket
[24/Nov/2025 04:56:54] "DELETE /api/sales/clients/68eb59ba-7943-42fa-aa7a-44a653bbccdc/ HTTP/1.1" 500 157728
/mnt/c/Users/mirk0/Documents/GitHub/CRM/backend/sales/models.py changed, reloading.
Performing system checks...

System check identified no issues (0 silenced).
November 24, 2025 - 04:54:08
Django version 5.2.8, using settings 'nexus_crm.settings'
Starting development server at http://127.0.0.1:8000/
Quit the server with CONTROL-C.

WARNING: This is a development server. Do not use it in a production setting. Use a production WSGI or ASGI server instead.
For more information on production servers see: https://docs.djangoproject.com/en/5.2/howto/deployment/
